New Run Start: 20120803092621
2012-08-03 09:26:21,357:29385(0x2ad2c06b7f60):ZOO_INFO@log_env@658: Client environment:zookeeper.version=zookeeper C client 3.3.2
2012-08-03 09:26:21,357:29385(0x2ad2c06b7f60):ZOO_INFO@log_env@662: Client environment:host.name=r42a07021.xy2.aliyun.com
2012-08-03 09:26:21,357:29385(0x2ad2c06b7f60):ZOO_INFO@log_env@669: Client environment:os.name=Linux
2012-08-03 09:26:21,357:29385(0x2ad2c06b7f60):ZOO_INFO@log_env@670: Client environment:os.arch=2.6.18-164.11.1.el5
2012-08-03 09:26:21,357:29385(0x2ad2c06b7f60):ZOO_INFO@log_env@671: Client environment:os.version=#1 SMP Wed Jan 6 13:26:04 EST 2010
2012-08-03 09:26:21,357:29385(0x2ad2c06b7f60):ZOO_INFO@log_env@679: Client environment:user.name=admin
2012-08-03 09:26:21,357:29385(0x2ad2c06b7f60):ZOO_INFO@log_env@687: Client environment:user.home=/home/admin
2012-08-03 09:26:21,357:29385(0x2ad2c06b7f60):ZOO_INFO@log_env@699: Client environment:user.dir=/home/admin/hjiang/BlockStorageService/append/tool
2012-08-03 09:26:21,357:29385(0x2ad2c06b7f60):ZOO_INFO@zookeeper_init@727: Initiating client connection, host=localcluster:10240 sessionTimeout=15000 watcher=0x1082d94 sessionId=0 sessionPasswd=<null> context=0x2aaaac014150 flags=0
2012-08-03 09:26:21,358:29385(0x2ad2c06b7f60):ZOO_INFO@zookeeper_close@2330: Freeing zookeeper resources for sessionId=0

New Run Start: 20120803092625
2012-08-03 09:26:25,255:29411(0x2acb7b16af60):ZOO_INFO@log_env@658: Client environment:zookeeper.version=zookeeper C client 3.3.2
2012-08-03 09:26:25,255:29411(0x2acb7b16af60):ZOO_INFO@log_env@662: Client environment:host.name=r42a07021.xy2.aliyun.com
2012-08-03 09:26:25,255:29411(0x2acb7b16af60):ZOO_INFO@log_env@669: Client environment:os.name=Linux
2012-08-03 09:26:25,255:29411(0x2acb7b16af60):ZOO_INFO@log_env@670: Client environment:os.arch=2.6.18-164.11.1.el5
2012-08-03 09:26:25,255:29411(0x2acb7b16af60):ZOO_INFO@log_env@671: Client environment:os.version=#1 SMP Wed Jan 6 13:26:04 EST 2010
2012-08-03 09:26:25,255:29411(0x2acb7b16af60):ZOO_INFO@log_env@679: Client environment:user.name=admin
2012-08-03 09:26:25,255:29411(0x2acb7b16af60):ZOO_INFO@log_env@687: Client environment:user.home=/home/admin
2012-08-03 09:26:25,255:29411(0x2acb7b16af60):ZOO_INFO@log_env@699: Client environment:user.dir=/home/admin/hjiang/BlockStorageService/append/tool
2012-08-03 09:26:25,255:29411(0x2acb7b16af60):ZOO_INFO@zookeeper_init@727: Initiating client connection, host=localcluster:10240 sessionTimeout=15000 watcher=0x1082d94 sessionId=0 sessionPasswd=<null> context=0x2aaaac014170 flags=0
2012-08-03 09:26:25,255:29411(0x4b5bb940):ZOO_INFO@check_events@1585: initiated connection to server [10.230.200.69:10240]
2012-08-03 09:26:25,256:29411(0x2acb7b16af60):ZOO_INFO@zookeeper_close@2330: Freeing zookeeper resources for sessionId=0

New Run Start: 20120803092629
2012-08-03 09:26:29,761:29436(0x2b6c44faaf60):ZOO_INFO@log_env@658: Client environment:zookeeper.version=zookeeper C client 3.3.2
2012-08-03 09:26:29,761:29436(0x2b6c44faaf60):ZOO_INFO@log_env@662: Client environment:host.name=r42a07021.xy2.aliyun.com
2012-08-03 09:26:29,761:29436(0x2b6c44faaf60):ZOO_INFO@log_env@669: Client environment:os.name=Linux
2012-08-03 09:26:29,761:29436(0x2b6c44faaf60):ZOO_INFO@log_env@670: Client environment:os.arch=2.6.18-164.11.1.el5
2012-08-03 09:26:29,761:29436(0x2b6c44faaf60):ZOO_INFO@log_env@671: Client environment:os.version=#1 SMP Wed Jan 6 13:26:04 EST 2010
2012-08-03 09:26:29,761:29436(0x2b6c44faaf60):ZOO_INFO@log_env@679: Client environment:user.name=admin
2012-08-03 09:26:29,762:29436(0x2b6c44faaf60):ZOO_INFO@log_env@687: Client environment:user.home=/home/admin
2012-08-03 09:26:29,762:29436(0x2b6c44faaf60):ZOO_INFO@log_env@699: Client environment:user.dir=/home/admin/hjiang/BlockStorageService/append/tool
2012-08-03 09:26:29,762:29436(0x2b6c44faaf60):ZOO_INFO@zookeeper_init@727: Initiating client connection, host=localcluster:10240 sessionTimeout=15000 watcher=0x1082d94 sessionId=0 sessionPasswd=<null> context=0x2aaaac014b60 flags=0
2012-08-03 09:26:29,762:29436(0x4ac6c940):ZOO_INFO@check_events@1585: initiated connection to server [10.230.200.69:10240]
2012-08-03 09:26:29,762:29436(0x2b6c44faaf60):ZOO_INFO@zookeeper_close@2330: Freeing zookeeper resources for sessionId=0

New Run Start: 20120803092641
2012-08-03 09:26:41,130:29485(0x2b43f9276f60):ZOO_INFO@log_env@658: Client environment:zookeeper.version=zookeeper C client 3.3.2
2012-08-03 09:26:41,130:29485(0x2b43f9276f60):ZOO_INFO@log_env@662: Client environment:host.name=r42a07021.xy2.aliyun.com
2012-08-03 09:26:41,130:29485(0x2b43f9276f60):ZOO_INFO@log_env@669: Client environment:os.name=Linux
2012-08-03 09:26:41,130:29485(0x2b43f9276f60):ZOO_INFO@log_env@670: Client environment:os.arch=2.6.18-164.11.1.el5
2012-08-03 09:26:41,130:29485(0x2b43f9276f60):ZOO_INFO@log_env@671: Client environment:os.version=#1 SMP Wed Jan 6 13:26:04 EST 2010
2012-08-03 09:26:41,131:29485(0x2b43f9276f60):ZOO_INFO@log_env@679: Client environment:user.name=admin
2012-08-03 09:26:41,131:29485(0x2b43f9276f60):ZOO_INFO@log_env@687: Client environment:user.home=/home/admin
2012-08-03 09:26:41,131:29485(0x2b43f9276f60):ZOO_INFO@log_env@699: Client environment:user.dir=/home/admin/hjiang/BlockStorageService/append/tool
2012-08-03 09:26:41,131:29485(0x2b43f9276f60):ZOO_INFO@zookeeper_init@727: Initiating client connection, host=localcluster:10240 sessionTimeout=15000 watcher=0x1082d94 sessionId=0 sessionPasswd=<null> context=0x2aaaac014c40 flags=0
2012-08-03 09:26:41,131:29485(0x4b155940):ZOO_INFO@check_events@1585: initiated connection to server [10.230.200.69:10240]
2012-08-03 09:26:41,131:29485(0x2b43f9276f60):ZOO_INFO@zookeeper_close@2330: Freeing zookeeper resources for sessionId=0

New Run Start: 20120803092657
2012-08-03 09:26:57,245:30915(0x2ac9dc03af60):ZOO_INFO@log_env@658: Client environment:zookeeper.version=zookeeper C client 3.3.2
2012-08-03 09:26:57,245:30915(0x2ac9dc03af60):ZOO_INFO@log_env@662: Client environment:host.name=r42a07021.xy2.aliyun.com
2012-08-03 09:26:57,245:30915(0x2ac9dc03af60):ZOO_INFO@log_env@669: Client environment:os.name=Linux
2012-08-03 09:26:57,245:30915(0x2ac9dc03af60):ZOO_INFO@log_env@670: Client environment:os.arch=2.6.18-164.11.1.el5
2012-08-03 09:26:57,245:30915(0x2ac9dc03af60):ZOO_INFO@log_env@671: Client environment:os.version=#1 SMP Wed Jan 6 13:26:04 EST 2010
2012-08-03 09:26:57,245:30915(0x2ac9dc03af60):ZOO_INFO@log_env@679: Client environment:user.name=admin
2012-08-03 09:26:57,245:30915(0x2ac9dc03af60):ZOO_INFO@log_env@687: Client environment:user.home=/home/admin
2012-08-03 09:26:57,245:30915(0x2ac9dc03af60):ZOO_INFO@log_env@699: Client environment:user.dir=/home/admin/hjiang/BlockStorageService/append/tool
2012-08-03 09:26:57,245:30915(0x2ac9dc03af60):ZOO_INFO@zookeeper_init@727: Initiating client connection, host=localcluster:10240 sessionTimeout=15000 watcher=0x1082d94 sessionId=0 sessionPasswd=<null> context=0x2aaaac017310 flags=0
2012-08-03 09:26:57,245:30915(0x4baaf940):ZOO_INFO@check_events@1585: initiated connection to server [10.230.200.69:10240]
2012-08-03 09:26:57,246:30915(0x2ac9dc03af60):ZOO_INFO@zookeeper_close@2330: Freeing zookeeper resources for sessionId=0

New Run Start: 20120803092704
2012-08-03 09:27:04,196:30981(0x2b245c578f60):ZOO_INFO@log_env@658: Client environment:zookeeper.version=zookeeper C client 3.3.2
2012-08-03 09:27:04,196:30981(0x2b245c578f60):ZOO_INFO@log_env@662: Client environment:host.name=r42a07021.xy2.aliyun.com
2012-08-03 09:27:04,196:30981(0x2b245c578f60):ZOO_INFO@log_env@669: Client environment:os.name=Linux
2012-08-03 09:27:04,196:30981(0x2b245c578f60):ZOO_INFO@log_env@670: Client environment:os.arch=2.6.18-164.11.1.el5
2012-08-03 09:27:04,196:30981(0x2b245c578f60):ZOO_INFO@log_env@671: Client environment:os.version=#1 SMP Wed Jan 6 13:26:04 EST 2010
2012-08-03 09:27:04,196:30981(0x2b245c578f60):ZOO_INFO@log_env@679: Client environment:user.name=admin
2012-08-03 09:27:04,196:30981(0x2b245c578f60):ZOO_INFO@log_env@687: Client environment:user.home=/home/admin
2012-08-03 09:27:04,196:30981(0x2b245c578f60):ZOO_INFO@log_env@699: Client environment:user.dir=/home/admin/hjiang/BlockStorageService/append/tool
2012-08-03 09:27:04,196:30981(0x2b245c578f60):ZOO_INFO@zookeeper_init@727: Initiating client connection, host=localcluster:10240 sessionTimeout=15000 watcher=0x1082d94 sessionId=0 sessionPasswd=<null> context=0x2aaaac017260 flags=0
2012-08-03 09:27:04,197:30981(0x2b245c578f60):ZOO_INFO@zookeeper_close@2330: Freeing zookeeper resources for sessionId=0

New Run Start: 20120803092713
2012-08-03 09:27:13,109:31017(0x2ba21e97af60):ZOO_INFO@log_env@658: Client environment:zookeeper.version=zookeeper C client 3.3.2
2012-08-03 09:27:13,109:31017(0x2ba21e97af60):ZOO_INFO@log_env@662: Client environment:host.name=r42a07021.xy2.aliyun.com
2012-08-03 09:27:13,109:31017(0x2ba21e97af60):ZOO_INFO@log_env@669: Client environment:os.name=Linux
2012-08-03 09:27:13,109:31017(0x2ba21e97af60):ZOO_INFO@log_env@670: Client environment:os.arch=2.6.18-164.11.1.el5
2012-08-03 09:27:13,109:31017(0x2ba21e97af60):ZOO_INFO@log_env@671: Client environment:os.version=#1 SMP Wed Jan 6 13:26:04 EST 2010
2012-08-03 09:27:13,109:31017(0x2ba21e97af60):ZOO_INFO@log_env@679: Client environment:user.name=admin
2012-08-03 09:27:13,109:31017(0x2ba21e97af60):ZOO_INFO@log_env@687: Client environment:user.home=/home/admin
2012-08-03 09:27:13,109:31017(0x2ba21e97af60):ZOO_INFO@log_env@699: Client environment:user.dir=/home/admin/hjiang/BlockStorageService/append/tool
2012-08-03 09:27:13,109:31017(0x2ba21e97af60):ZOO_INFO@zookeeper_init@727: Initiating client connection, host=localcluster:10240 sessionTimeout=15000 watcher=0x1082d94 sessionId=0 sessionPasswd=<null> context=0x134412a0 flags=0
2012-08-03 09:27:13,109:31017(0x4bca0940):ZOO_INFO@check_events@1585: initiated connection to server [10.230.200.69:10240]
2012-08-03 09:27:13,109:31017(0x2ba21e97af60):ZOO_INFO@zookeeper_close@2330: Freeing zookeeper resources for sessionId=0

New Run Start: 20120803092722
2012-08-03 09:27:22,869:31142(0x2ac334d20f60):ZOO_INFO@log_env@658: Client environment:zookeeper.version=zookeeper C client 3.3.2
2012-08-03 09:27:22,869:31142(0x2ac334d20f60):ZOO_INFO@log_env@662: Client environment:host.name=r42a07021.xy2.aliyun.com
2012-08-03 09:27:22,869:31142(0x2ac334d20f60):ZOO_INFO@log_env@669: Client environment:os.name=Linux
2012-08-03 09:27:22,869:31142(0x2ac334d20f60):ZOO_INFO@log_env@670: Client environment:os.arch=2.6.18-164.11.1.el5
2012-08-03 09:27:22,869:31142(0x2ac334d20f60):ZOO_INFO@log_env@671: Client environment:os.version=#1 SMP Wed Jan 6 13:26:04 EST 2010
2012-08-03 09:27:22,869:31142(0x2ac334d20f60):ZOO_INFO@log_env@679: Client environment:user.name=admin
2012-08-03 09:27:22,869:31142(0x2ac334d20f60):ZOO_INFO@log_env@687: Client environment:user.home=/home/admin
2012-08-03 09:27:22,869:31142(0x2ac334d20f60):ZOO_INFO@log_env@699: Client environment:user.dir=/home/admin/hjiang/BlockStorageService/append/tool
2012-08-03 09:27:22,869:31142(0x2ac334d20f60):ZOO_INFO@zookeeper_init@727: Initiating client connection, host=localcluster:10240 sessionTimeout=15000 watcher=0x1082d94 sessionId=0 sessionPasswd=<null> context=0x2aaaac0142a0 flags=0
2012-08-03 09:27:22,869:31142(0x40c73940):ZOO_INFO@check_events@1585: initiated connection to server [10.230.200.69:10240]
2012-08-03 09:27:22,870:31142(0x2ac334d20f60):ZOO_INFO@zookeeper_close@2330: Freeing zookeeper resources for sessionId=0

New Run Start: 20120803092817
2012-08-03 09:28:17,585:31580(0x2b5b95094f60):ZOO_INFO@log_env@658: Client environment:zookeeper.version=zookeeper C client 3.3.2
2012-08-03 09:28:17,585:31580(0x2b5b95094f60):ZOO_INFO@log_env@662: Client environment:host.name=r42a07021.xy2.aliyun.com
2012-08-03 09:28:17,585:31580(0x2b5b95094f60):ZOO_INFO@log_env@669: Client environment:os.name=Linux
2012-08-03 09:28:17,585:31580(0x2b5b95094f60):ZOO_INFO@log_env@670: Client environment:os.arch=2.6.18-164.11.1.el5
2012-08-03 09:28:17,585:31580(0x2b5b95094f60):ZOO_INFO@log_env@671: Client environment:os.version=#1 SMP Wed Jan 6 13:26:04 EST 2010
2012-08-03 09:28:17,585:31580(0x2b5b95094f60):ZOO_INFO@log_env@679: Client environment:user.name=admin
2012-08-03 09:28:17,585:31580(0x2b5b95094f60):ZOO_INFO@log_env@687: Client environment:user.home=/home/admin
2012-08-03 09:28:17,585:31580(0x2b5b95094f60):ZOO_INFO@log_env@699: Client environment:user.dir=/home/admin/hjiang/BlockStorageService/append/tool
2012-08-03 09:28:17,585:31580(0x2b5b95094f60):ZOO_INFO@zookeeper_init@727: Initiating client connection, host=localcluster:10240 sessionTimeout=15000 watcher=0x1082d94 sessionId=0 sessionPasswd=<null> context=0x2aaaac014460 flags=0
2012-08-03 09:28:17,586:31580(0x4c45c940):ZOO_INFO@check_events@1585: initiated connection to server [10.230.200.69:10240]
2012-08-03 09:28:17,586:31580(0x2b5b95094f60):ZOO_INFO@zookeeper_close@2330: Freeing zookeeper resources for sessionId=0

New Run Start: 20120803092837
2012-08-03 09:28:37,099:31632(0x2b2d22049f60):ZOO_INFO@log_env@658: Client environment:zookeeper.version=zookeeper C client 3.3.2
2012-08-03 09:28:37,099:31632(0x2b2d22049f60):ZOO_INFO@log_env@662: Client environment:host.name=r42a07021.xy2.aliyun.com
2012-08-03 09:28:37,099:31632(0x2b2d22049f60):ZOO_INFO@log_env@669: Client environment:os.name=Linux
2012-08-03 09:28:37,099:31632(0x2b2d22049f60):ZOO_INFO@log_env@670: Client environment:os.arch=2.6.18-164.11.1.el5
2012-08-03 09:28:37,099:31632(0x2b2d22049f60):ZOO_INFO@log_env@671: Client environment:os.version=#1 SMP Wed Jan 6 13:26:04 EST 2010
2012-08-03 09:28:37,099:31632(0x2b2d22049f60):ZOO_INFO@log_env@679: Client environment:user.name=admin
2012-08-03 09:28:37,099:31632(0x2b2d22049f60):ZOO_INFO@log_env@687: Client environment:user.home=/home/admin
2012-08-03 09:28:37,099:31632(0x2b2d22049f60):ZOO_INFO@log_env@699: Client environment:user.dir=/home/admin/hjiang/BlockStorageService/append/tool
2012-08-03 09:28:37,099:31632(0x2b2d22049f60):ZOO_INFO@zookeeper_init@727: Initiating client connection, host=localcluster:10240 sessionTimeout=15000 watcher=0x1082d94 sessionId=0 sessionPasswd=<null> context=0x1afdd220 flags=0
2012-08-03 09:28:37,100:31632(0x4b1e4940):ZOO_INFO@check_events@1585: initiated connection to server [10.230.200.69:10240]
2012-08-03 09:28:37,100:31632(0x2b2d22049f60):ZOO_INFO@zookeeper_close@2330: Freeing zookeeper resources for sessionId=0

